SYS-SUB:DIS-ECATIO-7:ec0-s7-EL7037-Enc-Latch-AutoRst
SYS-SUB:DIS-ECATIO-8:ec0-s8-EL7037-Enc-Latch-AutoRst
SYS-SUB:DIS-ECATIO-7:ec0-s7-EL7037-Enc-Latch-Rst
SYS-SUB:DIS-ECATIO-8:ec0-s8-EL7037-Enc-Latch-Rst
SYS-SUB:DIS-SLIT-0:Axis1-DbgStrToLOG
SYS-SUB:DIS-SLIT-0:Axis2-DbgStrToLOG
SYS-SUB:DIS-ECATIO-2:ec0-s2-EL2808-BO1
SYS-SUB:DIS-ECATIO-2:ec0-s2-EL2808-BO2
SYS-SUB:DIS-ECATIO-2:ec0-s2-EL2808-BO3
SYS-SUB:DIS-ECATIO-2:ec0-s2-EL2808-BO4
SYS-SUB:DIS-ECATIO-2:ec0-s2-EL2808-BO5
SYS-SUB:DIS-ECATIO-2:ec0-s2-EL2808-BO6
SYS-SUB:DIS-ECATIO-2:ec0-s2-EL2808-BO7
SYS-SUB:DIS-ECATIO-2:ec0-s2-EL2808-BO8
SYS-SUB:DIS-ECATIO-7:ec0-s7-EL7037-Enc-Latch-AutoRst_SP
SYS-SUB:DIS-ECATIO-8:ec0-s8-EL7037-Enc-Latch-AutoRst_SP
SYS-SUB:DIS-SLIT-0:Axis1-EncSourceType-Cmd
SYS-SUB:DIS-SLIT-0:Axis1-TrajSourceType-Cmd
SYS-SUB:DIS-SLIT-0:Axis1-PLC-CmdEn
SYS-SUB:DIS-SLIT-0:Axis1-AllowCmdFromPLC-CmdEn
SYS-SUB:DIS-SLIT-0:Axis2-EncSourceType-Cmd
SYS-SUB:DIS-SLIT-0:Axis2-TrajSourceType-Cmd
SYS-SUB:DIS-SLIT-0:Axis2-PLC-CmdEn
SYS-SUB:DIS-SLIT-0:Axis2-AllowCmdFromPLC-CmdEn
SYS-SUB:DIS-ECMC-0:MCU-ErrRst
SYS-SUB:DIS-SLIT-0:Axis1-HomProc-RB
SYS-SUB:DIS-SLIT-0:Axis2-HomProc-RB
SYS-SUB:DIS-ECATIO-7:ec0-s7-EL7037-Enc-Latch-Cmd
SYS-SUB:DIS-ECATIO-8:ec0-s8-EL7037-Enc-Latch-Cmd
SYS-SUB:DIS-ECATIO-7:ec0-s7-EL7037-Drv-Cmd
SYS-SUB:DIS-ECATIO-7:ec0-s7-EL7037-Drv-Spd
SYS-SUB:DIS-ECATIO-7:ec0-s7-EL7037-Enc-Cmd
SYS-SUB:DIS-ECATIO-7:ec0-s7-EL7037-Enc-PosCmd
SYS-SUB:DIS-ECATIO-8:ec0-s8-EL7037-Drv-Cmd
SYS-SUB:DIS-ECATIO-8:ec0-s8-EL7037-Drv-Spd
SYS-SUB:DIS-ECATIO-8:ec0-s8-EL7037-Enc-Cmd
SYS-SUB:DIS-ECATIO-8:ec0-s8-EL7037-Enc-PosCmd
SYS-SUB:DIS-SLIT-0:Axis1-OFF_
SYS-SUB:DIS-SLIT-0:Axis1-MRES_
SYS-SUB:DIS-SLIT-0:Axis1-HomPos
SYS-SUB:DIS-SLIT-0:Axis1-VelToHom
SYS-SUB:DIS-SLIT-0:Axis1-VelFrmHom
SYS-SUB:DIS-SLIT-0:Axis1-AccHom
SYS-SUB:DIS-SLIT-0:Axis2-OFF_
SYS-SUB:DIS-SLIT-0:Axis2-MRES_
SYS-SUB:DIS-SLIT-0:Axis2-HomPos
SYS-SUB:DIS-SLIT-0:Axis2-VelToHom
SYS-SUB:DIS-SLIT-0:Axis2-VelFrmHom
SYS-SUB:DIS-SLIT-0:Axis2-AccHom
SYS-SUB:DIS-ECATC-0:ec0-s0-EK1100-Stat_
SYS-SUB:DIS-ECATIO-1:ec0-s1-EL1018-Stat_
SYS-SUB:DIS-ECATIO-2:ec0-s2-EL2808-Stat_
SYS-SUB:DIS-ECATIO-3:ec0-s3-EL5002-Stat_
SYS-SUB:DIS-ECATIO-3:ec0-s3-EL5002-CH1-Stat
SYS-SUB:DIS-ECATIO-3:ec0-s3-EL5002-CH2-Stat
SYS-SUB:DIS-ECATIO-4:ec0-s4-EL9505-Stat_
SYS-SUB:DIS-ECATIO-5:ec0-s5-EL1252-Stat_
SYS-SUB:DIS-ECATIO-5:ec0-s5-EL1252-CH1-Stat
SYS-SUB:DIS-ECATIO-5:ec0-s5-EL1252-CH2-Stat
SYS-SUB:DIS-ECATIO-6:ec0-s6-EL9410-Stat_
SYS-SUB:DIS-ECATIO-7:ec0-s7-EL7037-Stat_
SYS-SUB:DIS-ECATIO-7:ec0-s7-EL7037-Drv-Stat
SYS-SUB:DIS-ECATIO-7:ec0-s7-EL7037-Enc-Stat
SYS-SUB:DIS-ECATIO-8:ec0-s8-EL7037-Stat_
SYS-SUB:DIS-ECATIO-8:ec0-s8-EL7037-Drv-Stat
SYS-SUB:DIS-ECATIO-8:ec0-s8-EL7037-Enc-Stat
SYS-SUB:DIS-SLIT-0:Axis1-Stat_
SYS-SUB:DIS-SLIT-0:Axis2-Stat_
SYS-SUB:DIS-ECMC-0:ec0-Stat_
SYS-SUB:DIS-ECMC-0:ec0-Domain-Stat_
REQMOD:mcag-epics4-20595:MODULES
REQMOD:mcag-epics4-20595:VERSIONS
REQMOD:mcag-epics4-20595:MOD_VER
SYS-SUB:DIS-SLIT-0:Axis1-PLCExpr
SYS-SUB:DIS-SLIT-0:Axis1-Array-Stat
SYS-SUB:DIS-SLIT-0:Axis1-PLCExpr-RB
SYS-SUB:DIS-SLIT-0:Axis2-PLCExpr
SYS-SUB:DIS-SLIT-0:Axis2-Array-Stat
SYS-SUB:DIS-SLIT-0:Axis2-PLCExpr-RB
SYS-SUB:DIS-ECMC-0:MCU-ErrMsg
SYS-SUB:DIS-ECMC-0:MCU-updated
SYS-SUB:DIS-ECATC-0:ec0-s0-EK1100-Stat
SYS-SUB:DIS-ECATIO-1:ec0-s1-EL1018-Stat
SYS-SUB:DIS-ECATIO-2:ec0-s2-EL2808-Stat
SYS-SUB:DIS-ECATIO-3:ec0-s3-EL5002-Stat
SYS-SUB:DIS-ECATIO-4:ec0-s4-EL9505-Stat
SYS-SUB:DIS-ECATIO-5:ec0-s5-EL1252-Stat
SYS-SUB:DIS-ECATIO-6:ec0-s6-EL9410-Stat
SYS-SUB:DIS-ECATIO-7:ec0-s7-EL7037-Stat
SYS-SUB:DIS-ECATIO-8:ec0-s8-EL7037-Stat
SYS-SUB:DIS-SLIT-0:Axis1-Err
SYS-SUB:DIS-SLIT-0:Axis1-ErrId
SYS-SUB:DIS-SLIT-0:Axis1-CfgRDBD-En-RB
SYS-SUB:DIS-SLIT-0:Axis1-CfgPOSLAG-En-RB
SYS-SUB:DIS-SLIT-0:Axis1-CfgDHLM-En-RB
SYS-SUB:DIS-SLIT-0:Axis1-CfgDLLM-En-RB
SYS-SUB:DIS-SLIT-0:Axis1-Stat
SYS-SUB:DIS-SLIT-0:Axis2-Err
SYS-SUB:DIS-SLIT-0:Axis2-ErrId
SYS-SUB:DIS-SLIT-0:Axis2-CfgRDBD-En-RB
SYS-SUB:DIS-SLIT-0:Axis2-CfgPOSLAG-En-RB
SYS-SUB:DIS-SLIT-0:Axis2-CfgDHLM-En-RB
SYS-SUB:DIS-SLIT-0:Axis2-CfgDLLM-En-RB
SYS-SUB:DIS-SLIT-0:Axis2-Stat
SYS-SUB:DIS-ECMC-0:ec0-Stat
SYS-SUB:DIS-ECMC-0:ec0-slavecounter
SYS-SUB:DIS-ECMC-0:ec0-memmapcounter
SYS-SUB:DIS-ECMC-0:ec0-domainfailcountertotal
SYS-SUB:DIS-ECMC-0:ec0-entrycounter
SYS-SUB:DIS-ECMC-0:ec0-Domain-Stat
SYS-SUB:DIS-ECATC-0:ec0-s0-EK1100-online
SYS-SUB:DIS-ECATC-0:ec0-s0-EK1100-operational
SYS-SUB:DIS-ECATC-0:ec0-s0-EK1100-alstate-init
SYS-SUB:DIS-ECATC-0:ec0-s0-EK1100-alstate-preop
SYS-SUB:DIS-ECATC-0:ec0-s0-EK1100-alstate-safeop
SYS-SUB:DIS-ECATC-0:ec0-s0-EK1100-alstate-op
SYS-SUB:DIS-ECATIO-1:ec0-s1-EL1018-online
SYS-SUB:DIS-ECATIO-1:ec0-s1-EL1018-operational
SYS-SUB:DIS-ECATIO-1:ec0-s1-EL1018-alstate-init
SYS-SUB:DIS-ECATIO-1:ec0-s1-EL1018-alstate-preop
SYS-SUB:DIS-ECATIO-1:ec0-s1-EL1018-alstate-safeop
SYS-SUB:DIS-ECATIO-1:ec0-s1-EL1018-alstate-op
SYS-SUB:DIS-ECATIO-1:ec0-s1-EL1018-BI1
SYS-SUB:DIS-ECATIO-1:ec0-s1-EL1018-BI2
SYS-SUB:DIS-ECATIO-1:ec0-s1-EL1018-BI3
SYS-SUB:DIS-ECATIO-1:ec0-s1-EL1018-BI4
SYS-SUB:DIS-ECATIO-1:ec0-s1-EL1018-BI5
SYS-SUB:DIS-ECATIO-1:ec0-s1-EL1018-BI6
SYS-SUB:DIS-ECATIO-1:ec0-s1-EL1018-BI7
SYS-SUB:DIS-ECATIO-1:ec0-s1-EL1018-BI8
SYS-SUB:DIS-ECATIO-2:ec0-s2-EL2808-online
SYS-SUB:DIS-ECATIO-2:ec0-s2-EL2808-operational
SYS-SUB:DIS-ECATIO-2:ec0-s2-EL2808-alstate-init
SYS-SUB:DIS-ECATIO-2:ec0-s2-EL2808-alstate-preop
SYS-SUB:DIS-ECATIO-2:ec0-s2-EL2808-alstate-safeop
SYS-SUB:DIS-ECATIO-2:ec0-s2-EL2808-alstate-op
SYS-SUB:DIS-ECATIO-2:ec0-s2-EL2808-BO1-RB
SYS-SUB:DIS-ECATIO-2:ec0-s2-EL2808-BO2-RB
SYS-SUB:DIS-ECATIO-2:ec0-s2-EL2808-BO3-RB
SYS-SUB:DIS-ECATIO-2:ec0-s2-EL2808-BO4-RB
SYS-SUB:DIS-ECATIO-2:ec0-s2-EL2808-BO5-RB
SYS-SUB:DIS-ECATIO-2:ec0-s2-EL2808-BO6-RB
SYS-SUB:DIS-ECATIO-2:ec0-s2-EL2808-BO7-RB
SYS-SUB:DIS-ECATIO-2:ec0-s2-EL2808-BO8-RB
SYS-SUB:DIS-ECATIO-3:ec0-s3-EL5002-online
SYS-SUB:DIS-ECATIO-3:ec0-s3-EL5002-operational
SYS-SUB:DIS-ECATIO-3:ec0-s3-EL5002-alstate-init
SYS-SUB:DIS-ECATIO-3:ec0-s3-EL5002-alstate-preop
SYS-SUB:DIS-ECATIO-3:ec0-s3-EL5002-alstate-safeop
SYS-SUB:DIS-ECATIO-3:ec0-s3-EL5002-alstate-op
SYS-SUB:DIS-ECATIO-3:ec0-s3-EL5002-CH1-Data-Alrm
SYS-SUB:DIS-ECATIO-3:ec0-s3-EL5002-CH1-Frame-Alrm
SYS-SUB:DIS-ECATIO-3:ec0-s3-EL5002-CH1-Power-Alrm
SYS-SUB:DIS-ECATIO-3:ec0-s3-EL5002-CH2-Data-Alrm
SYS-SUB:DIS-ECATIO-3:ec0-s3-EL5002-CH2-Frame-Alrm
SYS-SUB:DIS-ECATIO-3:ec0-s3-EL5002-CH2-Power-Alrm
SYS-SUB:DIS-ECATIO-4:ec0-s4-EL9505-online
SYS-SUB:DIS-ECATIO-4:ec0-s4-EL9505-operational
SYS-SUB:DIS-ECATIO-4:ec0-s4-EL9505-alstate-init
SYS-SUB:DIS-ECATIO-4:ec0-s4-EL9505-alstate-preop
SYS-SUB:DIS-ECATIO-4:ec0-s4-EL9505-alstate-safeop
SYS-SUB:DIS-ECATIO-4:ec0-s4-EL9505-alstate-op
SYS-SUB:DIS-ECATIO-4:ec0-s4-EL9505-Power-Stat
SYS-SUB:DIS-ECATIO-4:ec0-s4-EL9505-Overload-Stat
SYS-SUB:DIS-ECATIO-5:ec0-s5-EL1252-online
SYS-SUB:DIS-ECATIO-5:ec0-s5-EL1252-operational
SYS-SUB:DIS-ECATIO-5:ec0-s5-EL1252-alstate-init
SYS-SUB:DIS-ECATIO-5:ec0-s5-EL1252-alstate-preop
SYS-SUB:DIS-ECATIO-5:ec0-s5-EL1252-alstate-safeop
SYS-SUB:DIS-ECATIO-5:ec0-s5-EL1252-alstate-op
SYS-SUB:DIS-ECATIO-5:ec0-s5-EL1252-BI1
SYS-SUB:DIS-ECATIO-5:ec0-s5-EL1252-BI2
SYS-SUB:DIS-ECATIO-6:ec0-s6-EL9410-online
SYS-SUB:DIS-ECATIO-6:ec0-s6-EL9410-operational
SYS-SUB:DIS-ECATIO-6:ec0-s6-EL9410-alstate-init
SYS-SUB:DIS-ECATIO-6:ec0-s6-EL9410-alstate-preop
SYS-SUB:DIS-ECATIO-6:ec0-s6-EL9410-alstate-safeop
SYS-SUB:DIS-ECATIO-6:ec0-s6-EL9410-alstate-op
SYS-SUB:DIS-ECATIO-6:ec0-s6-EL9410-EBus-Stat
SYS-SUB:DIS-ECATIO-6:ec0-s6-EL9410-Power-Stat
SYS-SUB:DIS-ECATIO-7:ec0-s7-EL7037-online
SYS-SUB:DIS-ECATIO-7:ec0-s7-EL7037-operational
SYS-SUB:DIS-ECATIO-7:ec0-s7-EL7037-alstate-init
SYS-SUB:DIS-ECATIO-7:ec0-s7-EL7037-alstate-preop
SYS-SUB:DIS-ECATIO-7:ec0-s7-EL7037-alstate-safeop
SYS-SUB:DIS-ECATIO-7:ec0-s7-EL7037-alstate-op
SYS-SUB:DIS-ECATIO-7:ec0-s7-EL7037-Drv-Wrn-Alrm
SYS-SUB:DIS-ECATIO-7:ec0-s7-EL7037-Drv-Err-Alrm
SYS-SUB:DIS-ECATIO-7:ec0-s7-EL7037-Drv-Stl-Alrm
SYS-SUB:DIS-ECATIO-7:ec0-s7-EL7037-Drv-SyncErr-Alrm
SYS-SUB:DIS-ECATIO-7:ec0-s7-EL7037-Enc-ExtLatch-OK
SYS-SUB:DIS-ECATIO-7:ec0-s7-EL7037-Enc-OpnCrct-Alrm
SYS-SUB:DIS-ECATIO-7:ec0-s7-EL7037-Enc-Wrn-Alrm
SYS-SUB:DIS-ECATIO-7:ec0-s7-EL7037-Enc-SyncErr-Alrm
SYS-SUB:DIS-ECATIO-8:ec0-s8-EL7037-online
SYS-SUB:DIS-ECATIO-8:ec0-s8-EL7037-operational
SYS-SUB:DIS-ECATIO-8:ec0-s8-EL7037-alstate-init
SYS-SUB:DIS-ECATIO-8:ec0-s8-EL7037-alstate-preop
SYS-SUB:DIS-ECATIO-8:ec0-s8-EL7037-alstate-safeop
SYS-SUB:DIS-ECATIO-8:ec0-s8-EL7037-alstate-op
SYS-SUB:DIS-ECATIO-8:ec0-s8-EL7037-Drv-Wrn-Alrm
SYS-SUB:DIS-ECATIO-8:ec0-s8-EL7037-Drv-Err-Alrm
SYS-SUB:DIS-ECATIO-8:ec0-s8-EL7037-Drv-Stl-Alrm
SYS-SUB:DIS-ECATIO-8:ec0-s8-EL7037-Drv-SyncErr-Alrm
SYS-SUB:DIS-ECATIO-8:ec0-s8-EL7037-Enc-ExtLatch-OK
SYS-SUB:DIS-ECATIO-8:ec0-s8-EL7037-Enc-OpnCrct-Alrm
SYS-SUB:DIS-ECATIO-8:ec0-s8-EL7037-Enc-Wrn-Alrm
SYS-SUB:DIS-ECATIO-8:ec0-s8-EL7037-Enc-SyncErr-Alrm
SYS-SUB:DIS-SLIT-0:Axis1-enabled
SYS-SUB:DIS-SLIT-0:Axis1-execute
SYS-SUB:DIS-SLIT-0:Axis1-busy
SYS-SUB:DIS-SLIT-0:Axis1-attarget
SYS-SUB:DIS-SLIT-0:Axis1-moving
SYS-SUB:DIS-SLIT-0:Axis1-limitfwd
SYS-SUB:DIS-SLIT-0:Axis1-limitbwd
SYS-SUB:DIS-SLIT-0:Axis1-homeswitch
SYS-SUB:DIS-SLIT-0:Axis1-instartup
SYS-SUB:DIS-SLIT-0:Axis1-inrealtime
SYS-SUB:DIS-SLIT-0:Axis1-TrajSourceType-RB
SYS-SUB:DIS-SLIT-0:Axis1-EncSourceType-RB
SYS-SUB:DIS-SLIT-0:Axis1-AllowCmdFromPLC-CmdEn-RB
SYS-SUB:DIS-SLIT-0:Axis1-PLC-CmdEn-RB
SYS-SUB:DIS-SLIT-0:Axis1-PLC-firstscan
SYS-SUB:DIS-SLIT-0:Axis2-enabled
SYS-SUB:DIS-SLIT-0:Axis2-execute
SYS-SUB:DIS-SLIT-0:Axis2-busy
SYS-SUB:DIS-SLIT-0:Axis2-attarget
SYS-SUB:DIS-SLIT-0:Axis2-moving
SYS-SUB:DIS-SLIT-0:Axis2-limitfwd
SYS-SUB:DIS-SLIT-0:Axis2-limitbwd
SYS-SUB:DIS-SLIT-0:Axis2-homeswitch
SYS-SUB:DIS-SLIT-0:Axis2-instartup
SYS-SUB:DIS-SLIT-0:Axis2-inrealtime
SYS-SUB:DIS-SLIT-0:Axis2-TrajSourceType-RB
SYS-SUB:DIS-SLIT-0:Axis2-EncSourceType-RB
SYS-SUB:DIS-SLIT-0:Axis2-AllowCmdFromPLC-CmdEn-RB
SYS-SUB:DIS-SLIT-0:Axis2-PLC-CmdEn-RB
SYS-SUB:DIS-SLIT-0:Axis2-PLC-firstscan
SYS-SUB:DIS-ECMC-0:ec0-linkup
SYS-SUB:DIS-ECMC-0:ec0-alstates-init
SYS-SUB:DIS-ECMC-0:ec0-alstates-preop
SYS-SUB:DIS-ECMC-0:ec0-alstates-safeop
SYS-SUB:DIS-ECMC-0:ec0-alstates-op
SYS-SUB:DIS-ECMC-0:ec0-Domain-redunactive
SYS-SUB:DIS-ECMC-0:ec0-Domain-WC-zero
SYS-SUB:DIS-ECMC-0:ec0-Domain-WC-incomplete
SYS-SUB:DIS-ECMC-0:ec0-Domain-WC-complete
SYS-SUB:DIS-ECATC-0:ec0-s0-EK1100-entrycounter
SYS-SUB:DIS-ECATIO-1:ec0-s1-EL1018-entrycounter
SYS-SUB:DIS-ECATIO-2:ec0-s2-EL2808-entrycounter
SYS-SUB:DIS-ECATIO-3:ec0-s3-EL5002-entrycounter
SYS-SUB:DIS-ECATIO-4:ec0-s4-EL9505-entrycounter
SYS-SUB:DIS-ECATIO-5:ec0-s5-EL1252-entrycounter
SYS-SUB:DIS-ECATIO-6:ec0-s6-EL9410-entrycounter
SYS-SUB:DIS-ECATIO-7:ec0-s7-EL7037-entrycounter
SYS-SUB:DIS-ECATIO-8:ec0-s8-EL7037-entrycounter
SYS-SUB:DIS-SLIT-0:Axis1-seqstate
SYS-SUB:DIS-SLIT-0:Axis1-lastilock
SYS-SUB:DIS-SLIT-0:Axis2-seqstate
SYS-SUB:DIS-SLIT-0:Axis2-lastilock
SYS-SUB:DIS-ECMC-0:ec0-slavesresp
SYS-SUB:DIS-ECMC-0:ec0-Domain-WC
SYS-SUB:DIS-ECATC-0:ec0-s0-EK1100-One
SYS-SUB:DIS-ECATC-0:ec0-s0-EK1100-Zero
SYS-SUB:DIS-ECATIO-1:ec0-s1-EL1018-One
SYS-SUB:DIS-ECATIO-1:ec0-s1-EL1018-Zero
SYS-SUB:DIS-ECATIO-2:ec0-s2-EL2808-One
SYS-SUB:DIS-ECATIO-2:ec0-s2-EL2808-Zero
SYS-SUB:DIS-ECATIO-3:ec0-s3-EL5002-One
SYS-SUB:DIS-ECATIO-3:ec0-s3-EL5002-Zero
SYS-SUB:DIS-ECATIO-4:ec0-s4-EL9505-One
SYS-SUB:DIS-ECATIO-4:ec0-s4-EL9505-Zero
SYS-SUB:DIS-ECATIO-5:ec0-s5-EL1252-One
SYS-SUB:DIS-ECATIO-5:ec0-s5-EL1252-Zero
SYS-SUB:DIS-ECATIO-6:ec0-s6-EL9410-One
SYS-SUB:DIS-ECATIO-6:ec0-s6-EL9410-Zero
SYS-SUB:DIS-ECATIO-7:ec0-s7-EL7037-One
SYS-SUB:DIS-ECATIO-7:ec0-s7-EL7037-Zero
SYS-SUB:DIS-ECATIO-8:ec0-s8-EL7037-One
SYS-SUB:DIS-ECATIO-8:ec0-s8-EL7037-Zero
SYS-SUB:DIS-SLIT-0:Axis1-DIR_
SYS-SUB:DIS-SLIT-0:Axis1-ErrRst
SYS-SUB:DIS-SLIT-0:Axis1-HomProc
SYS-SUB:DIS-SLIT-0:Axis2-DIR_
SYS-SUB:DIS-SLIT-0:Axis2-ErrRst
SYS-SUB:DIS-SLIT-0:Axis2-HomProc
REQMOD:mcag-epics4-20595:exit
REQMOD:mcag-epics4-20595:BaseVersion
REQMOD:mcag-epics4-20595:require_VER
REQMOD:mcag-epics4-20595:ecmccfg_VER
REQMOD:mcag-epics4-20595:asyn_VER
REQMOD:mcag-epics4-20595:exprtk_VER
REQMOD:mcag-epics4-20595:motor_VER
REQMOD:mcag-epics4-20595:ecmc_VER
REQMOD:mcag-epics4-20595:sequencer_VER
REQMOD:mcag-epics4-20595:sscan_VER
REQMOD:mcag-epics4-20595:calc_VER
REQMOD:mcag-epics4-20595:pcre_VER
REQMOD:mcag-epics4-20595:stream_VER
SYS-SUB:DIS-ECATC-0:ec0-s0-EK1100-HWType
SYS-SUB:DIS-ECATIO-1:ec0-s1-EL1018-HWType
SYS-SUB:DIS-ECATIO-2:ec0-s2-EL2808-HWType
SYS-SUB:DIS-ECATIO-3:ec0-s3-EL5002-HWType
SYS-SUB:DIS-ECATIO-4:ec0-s4-EL9505-HWType
SYS-SUB:DIS-ECATIO-5:ec0-s5-EL1252-HWType
SYS-SUB:DIS-ECATIO-6:ec0-s6-EL9410-HWType
SYS-SUB:DIS-ECATIO-7:ec0-s7-EL7037-HWType
SYS-SUB:DIS-ECATIO-8:ec0-s8-EL7037-HWType
SYS-SUB:DIS-SLIT-0:Axis1-MsgTxt
SYS-SUB:DIS-SLIT-0:Axis2-MsgTxt
SYS-SUB:DIS-ECATIO-3:ec0-s3-EL5002-CH1-PosAct
SYS-SUB:DIS-ECATIO-3:ec0-s3-EL5002-CH2-PosAct
SYS-SUB:DIS-ECATIO-5:ec0-s5-EL1252-CH1-PosTime-Act
SYS-SUB:DIS-ECATIO-5:ec0-s5-EL1252-CH1-NegTime-Act
SYS-SUB:DIS-ECATIO-5:ec0-s5-EL1252-CH2-PosTime-Act
SYS-SUB:DIS-ECATIO-5:ec0-s5-EL1252-CH2-NegTime-Act
SYS-SUB:DIS-ECATIO-7:ec0-s7-EL7037-Drv-Cmd-RB
SYS-SUB:DIS-ECATIO-7:ec0-s7-EL7037-Drv-Spd-RB
SYS-SUB:DIS-ECATIO-7:ec0-s7-EL7037-Enc-PosAct
SYS-SUB:DIS-ECATIO-7:ec0-s7-EL7037-Enc-Latch-PosAct
SYS-SUB:DIS-ECATIO-7:ec0-s7-EL7037-Enc-Cmd-RB
SYS-SUB:DIS-ECATIO-7:ec0-s7-EL7037-Enc-PosCmd-RB
SYS-SUB:DIS-ECATIO-8:ec0-s8-EL7037-Drv-Cmd-RB
SYS-SUB:DIS-ECATIO-8:ec0-s8-EL7037-Drv-Spd-RB
SYS-SUB:DIS-ECATIO-8:ec0-s8-EL7037-Enc-PosAct
SYS-SUB:DIS-ECATIO-8:ec0-s8-EL7037-Enc-Latch-PosAct
SYS-SUB:DIS-ECATIO-8:ec0-s8-EL7037-Enc-Cmd-RB
SYS-SUB:DIS-ECATIO-8:ec0-s8-EL7037-Enc-PosCmd-RB
SYS-SUB:DIS-SLIT-0:Axis1-VelAct
SYS-SUB:DIS-SLIT-0:Axis1-Vel-RB
SYS-SUB:DIS-SLIT-0:Axis1-Acc-RB
SYS-SUB:DIS-SLIT-0:Axis1-EncAct
SYS-SUB:DIS-SLIT-0:Axis1-CfgSREV-RB
SYS-SUB:DIS-SLIT-0:Axis1-CfgUREV-RB
SYS-SUB:DIS-SLIT-0:Axis1-CfgPMIN-RB
SYS-SUB:DIS-SLIT-0:Axis1-CfgPMAX-RB
SYS-SUB:DIS-SLIT-0:Axis1-CfgSPDB-RB
SYS-SUB:DIS-SLIT-0:Axis1-CfgRDBD-RB
SYS-SUB:DIS-SLIT-0:Axis1-CfgRDBD-Tim-RB
SYS-SUB:DIS-SLIT-0:Axis1-CfgPOSLAG-RB
SYS-SUB:DIS-SLIT-0:Axis1-CfgPOSLAG-Tim-RB
SYS-SUB:DIS-SLIT-0:Axis1-CfgDHLM-RB
SYS-SUB:DIS-SLIT-0:Axis1-CfgDLLM-RB
SYS-SUB:DIS-SLIT-0:Axis1-CfgVELO-RB
SYS-SUB:DIS-SLIT-0:Axis1-CfgVMAX-RB
SYS-SUB:DIS-SLIT-0:Axis1-CfgJVEL-RB
SYS-SUB:DIS-SLIT-0:Axis1-CfgACCS-RB
SYS-SUB:DIS-SLIT-0:Axis1-HomPos-RB
SYS-SUB:DIS-SLIT-0:Axis1-AxisType-Act
SYS-SUB:DIS-SLIT-0:Axis1-PosAct
SYS-SUB:DIS-SLIT-0:Axis1-PosSet
SYS-SUB:DIS-SLIT-0:Axis1-PosErr
SYS-SUB:DIS-SLIT-0:Axis1-PLC-error
SYS-SUB:DIS-SLIT-0:Axis2-VelAct
SYS-SUB:DIS-SLIT-0:Axis2-Vel-RB
SYS-SUB:DIS-SLIT-0:Axis2-Acc-RB
SYS-SUB:DIS-SLIT-0:Axis2-EncAct
SYS-SUB:DIS-SLIT-0:Axis2-CfgSREV-RB
SYS-SUB:DIS-SLIT-0:Axis2-CfgUREV-RB
SYS-SUB:DIS-SLIT-0:Axis2-CfgPMIN-RB
SYS-SUB:DIS-SLIT-0:Axis2-CfgPMAX-RB
SYS-SUB:DIS-SLIT-0:Axis2-CfgSPDB-RB
SYS-SUB:DIS-SLIT-0:Axis2-CfgRDBD-RB
SYS-SUB:DIS-SLIT-0:Axis2-CfgRDBD-Tim-RB
SYS-SUB:DIS-SLIT-0:Axis2-CfgPOSLAG-RB
SYS-SUB:DIS-SLIT-0:Axis2-CfgPOSLAG-Tim-RB
SYS-SUB:DIS-SLIT-0:Axis2-CfgDHLM-RB
SYS-SUB:DIS-SLIT-0:Axis2-CfgDLLM-RB
SYS-SUB:DIS-SLIT-0:Axis2-CfgVELO-RB
SYS-SUB:DIS-SLIT-0:Axis2-CfgVMAX-RB
SYS-SUB:DIS-SLIT-0:Axis2-CfgJVEL-RB
SYS-SUB:DIS-SLIT-0:Axis2-CfgACCS-RB
SYS-SUB:DIS-SLIT-0:Axis2-HomPos-RB
SYS-SUB:DIS-SLIT-0:Axis2-AxisType-Act
SYS-SUB:DIS-SLIT-0:Axis2-PosAct
SYS-SUB:DIS-SLIT-0:Axis2-PosSet
SYS-SUB:DIS-SLIT-0:Axis2-PosErr
SYS-SUB:DIS-SLIT-0:Axis2-PLC-error
SYS-SUB:DIS-ECMC-0:MCU-app-mode
SYS-SUB:DIS-ECMC-0:MCU-ErrId
SYS-SUB:DIS-ECMC-0:MCU-thread-latency-min
SYS-SUB:DIS-ECMC-0:MCU-thread-latency-max
SYS-SUB:DIS-ECMC-0:MCU-thread-period-min
SYS-SUB:DIS-ECMC-0:MCU-thread-period-max
SYS-SUB:DIS-ECMC-0:MCU-thread-execute-min
SYS-SUB:DIS-ECMC-0:MCU-thread-execute-max
SYS-SUB:DIS-ECMC-0:MCU-thread-send-min
SYS-SUB:DIS-ECMC-0:MCU-thread-send-max
SYS-SUB:DIS-SLIT-0:MCU1:asyn
SYS-SUB:DIS-ECMC-0:MCU-Cmd
SYS-SUB:DIS-SLIT-0:Axis1
SYS-SUB:DIS-SLIT-0:Axis2
